<?xml version="1.0" encoding="UTF-8"?>
<!-- Generated by org.testng.reporters.JUnitReportReporter -->
<testsuite skipped="0" hostname="DESKTOP-IF0QH0F" name="com.training.sanity.tests.UniformAdminAddCategoryTests" tests="1" failures="0" timestamp="20 Feb 2019 12:12:23 GMT" time="6.810" errors="0">
  <testcase name="adminAddCategoryTest" time="6.810" classname="com.training.sanity.tests.UniformAdminAddCategoryTests"/>
</testsuite> <!-- com.training.sanity.tests.UniformAdminAddCategoryTests -->
