<?xml version="1.0" encoding="UTF-8"?>
<!-- Generated by org.testng.reporters.JUnitReportReporter -->
<testsuite skipped="0" hostname="DESKTOP-IF0QH0F" name="com.training.sanity.tests.UniformAdminLoginInvalidCredentialsTests" tests="1" failures="0" timestamp="20 Feb 2019 07:12:44 GMT" time="12.200" errors="0">
  <testcase name="InvalidAdminLoginTest" time="12.200" classname="com.training.sanity.tests.UniformAdminLoginInvalidCredentialsTests"/>
</testsuite> <!-- com.training.sanity.tests.UniformAdminLoginInvalidCredentialsTests -->
