<?xml version="1.0" encoding="UTF-8"?>
<!-- Generated by org.testng.reporters.JUnitReportReporter -->
<testsuite skipped="0" hostname="DESKTOP-IF0QH0F" name="com.training.sanity.tests.UniformAdminLoginTests" tests="1" failures="0" timestamp="18 Feb 2019 10:31:00 GMT" time="13.883" errors="0">
  <testcase name="validAdminLoginTest" time="13.883" classname="com.training.sanity.tests.UniformAdminLoginTests"/>
</testsuite> <!-- com.training.sanity.tests.UniformAdminLoginTests -->
