<?xml version="1.0" encoding="UTF-8"?>
<!-- Generated by org.testng.reporters.JUnitReportReporter -->
<testsuite skipped="0" hostname="DESKTOP-IF0QH0F" name="com.training.sanity.tests.UniformAdminEditCategoryTests" tests="1" failures="0" timestamp="20 Feb 2019 12:19:10 GMT" time="5.985" errors="0">
  <testcase name="adminEditCategoryTest" time="5.985" classname="com.training.sanity.tests.UniformAdminEditCategoryTests"/>
</testsuite> <!-- com.training.sanity.tests.UniformAdminEditCategoryTests -->
