<?xml version="1.0" encoding="UTF-8"?>
<!-- Generated by org.testng.reporters.JUnitReportReporter -->
<testsuite skipped="0" hostname="DESKTOP-IF0QH0F" name="com.training.sanity.tests.UniformReturnOrderedProductTests" tests="1" failures="0" timestamp="21 Feb 2019 11:11:59 GMT" time="8.864" errors="0">
  <testcase name="OrderProductTest" time="8.864" classname="com.training.sanity.tests.UniformReturnOrderedProductTests"/>
</testsuite> <!-- com.training.sanity.tests.UniformReturnOrderedProductTests -->
