<?xml version="1.0" encoding="UTF-8"?>
<!-- Generated by org.testng.reporters.JUnitReportReporter -->
<testsuite skipped="0" hostname="DESKTOP-IF0QH0F" name="com.training.sanity.tests.UniformProductAddedToCartTests" tests="1" failures="0" timestamp="18 Feb 2019 10:31:40 GMT" time="24.748" errors="0">
  <testcase name="productAddedToCartTest" time="24.748" classname="com.training.sanity.tests.UniformProductAddedToCartTests"/>
</testsuite> <!-- com.training.sanity.tests.UniformProductAddedToCartTests -->
